TN:
SF:D:\Learnings and MEAN\MEAN-angular2\mean-project-manager-app\src\polyfills.ts
FNF:0
FNH:0
LF:0
LH:0
BRF:0
BRH:0
end_of_record
TN:
SF:D:\Learnings and MEAN\MEAN-angular2\mean-project-manager-app\src\test.ts
FNF:0
FNH:0
DA:13,1
DA:18,1
DA:20,1
LF:3
LH:3
BRF:0
BRH:0
end_of_record
TN:
SF:D:\Learnings and MEAN\MEAN-angular2\mean-project-manager-app\src\app\app.component.ts
FN:3,AppComponent
FNF:1
FNH:1
FNDA:3,AppComponent
DA:8,1
DA:9,3
DA:10,1
LF:3
LH:3
BRF:0
BRH:0
end_of_record
TN:
SF:D:\Learnings and MEAN\MEAN-angular2\mean-project-manager-app\src\app\components\add-project\add-project.component.ts
FN:25,AddProjectComponent
FN:35,(anonymous_2)
FN:40,(anonymous_3)
FN:51,(anonymous_4)
FN:59,(anonymous_5)
FN:65,(anonymous_6)
FN:71,(anonymous_7)
FN:83,(anonymous_8)
FN:92,(anonymous_9)
FN:99,(anonymous_10)
FN:105,(anonymous_11)
FN:106,(anonymous_12)
FN:113,(anonymous_13)
FN:114,(anonymous_14)
FN:120,(anonymous_15)
FN:121,(anonymous_16)
FN:125,(anonymous_17)
FN:128,(anonymous_18)
FN:136,(anonymous_19)
FN:152,(anonymous_20)
FN:157,(anonymous_21)
FN:163,(anonymous_22)
FN:27,(anonymous_23)
FNF:23
FNH:0
FNDA:0,AddProjectComponent
FNDA:0,(anonymous_2)
FNDA:0,(anonymous_3)
FNDA:0,(anonymous_4)
FNDA:0,(anonymous_5)
FNDA:0,(anonymous_6)
FNDA:0,(anonymous_7)
FNDA:0,(anonymous_8)
FNDA:0,(anonymous_9)
FNDA:0,(anonymous_10)
FNDA:0,(anonymous_11)
FNDA:0,(anonymous_12)
FNDA:0,(anonymous_13)
FNDA:0,(anonymous_14)
FNDA:0,(anonymous_15)
FNDA:0,(anonymous_16)
FNDA:0,(anonymous_17)
FNDA:0,(anonymous_18)
FNDA:0,(anonymous_19)
FNDA:0,(anonymous_20)
FNDA:0,(anonymous_21)
FNDA:0,(anonymous_22)
FNDA:0,(anonymous_23)
DA:10,1
DA:12,0
DA:25,0
DA:27,1
DA:28,0
DA:29,0
DA:30,0
DA:31,0
DA:32,0
DA:35,0
DA:36,0
DA:37,0
DA:40,0
DA:42,0
DA:43,0
DA:45,0
DA:46,0
DA:51,0
DA:59,0
DA:60,0
DA:61,0
DA:62,0
DA:63,0
DA:65,0
DA:66,0
DA:71,0
DA:72,0
DA:75,0
DA:76,0
DA:77,0
DA:78,0
DA:79,0
DA:80,0
DA:83,0
DA:92,0
DA:93,0
DA:94,0
DA:95,0
DA:96,0
DA:97,0
DA:99,0
DA:100,0
DA:105,0
DA:106,0
DA:107,0
DA:108,0
DA:109,0
DA:113,0
DA:114,0
DA:115,0
DA:116,0
DA:120,0
DA:121,0
DA:122,0
DA:123,0
DA:124,0
DA:125,0
DA:126,0
DA:127,0
DA:128,0
DA:129,0
DA:130,0
DA:136,0
DA:137,0
DA:138,0
DA:139,0
DA:140,0
DA:141,0
DA:142,0
DA:143,0
DA:144,0
DA:145,0
DA:146,0
DA:152,0
DA:153,0
DA:154,0
DA:157,0
DA:159,0
DA:163,0
DA:164,0
DA:166,0
DA:167,0
DA:168,0
DA:172,1
LF:84
LH:3
BRDA:129,0,0,0
BRDA:129,0,1,0
BRDA:145,1,0,0
BRDA:145,1,1,0
BRF:4
BRH:0
end_of_record
TN:
SF:D:\Learnings and MEAN\MEAN-angular2\mean-project-manager-app\src\app\components\add-task\add-task.component.ts
FN:30,AddTaskComponent
FN:75,(anonymous_2)
FN:76,(anonymous_3)
FN:86,(anonymous_4)
FN:87,(anonymous_5)
FN:93,(anonymous_6)
FN:94,(anonymous_7)
FN:103,(anonymous_8)
FN:120,(anonymous_9)
FN:127,(anonymous_10)
FN:133,(anonymous_11)
FN:139,(anonymous_12)
FN:145,(anonymous_13)
FN:150,(anonymous_14)
FN:166,(anonymous_15)
FN:170,(anonymous_16)
FN:182,(anonymous_17)
FN:188,(anonymous_18)
FN:193,(anonymous_19)
FN:194,(anonymous_20)
FN:198,(anonymous_21)
FN:199,(anonymous_22)
FN:32,(anonymous_23)
FN:66,(anonymous_24)
FNF:24
FNH:0
FNDA:0,AddTaskComponent
FNDA:0,(anonymous_2)
FNDA:0,(anonymous_3)
FNDA:0,(anonymous_4)
FNDA:0,(anonymous_5)
FNDA:0,(anonymous_6)
FNDA:0,(anonymous_7)
FNDA:0,(anonymous_8)
FNDA:0,(anonymous_9)
FNDA:0,(anonymous_10)
FNDA:0,(anonymous_11)
FNDA:0,(anonymous_12)
FNDA:0,(anonymous_13)
FNDA:0,(anonymous_14)
FNDA:0,(anonymous_15)
FNDA:0,(anonymous_16)
FNDA:0,(anonymous_17)
FNDA:0,(anonymous_18)
FNDA:0,(anonymous_19)
FNDA:0,(anonymous_20)
FNDA:0,(anonymous_21)
FNDA:0,(anonymous_22)
FNDA:0,(anonymous_23)
FNDA:0,(anonymous_24)
DA:10,1
DA:12,0
DA:30,0
DA:32,1
DA:33,0
DA:34,0
DA:35,0
DA:37,0
DA:48,0
DA:53,0
DA:54,0
DA:55,0
DA:57,0
DA:66,1
DA:67,0
DA:68,0
DA:75,0
DA:76,0
DA:77,0
DA:78,0
DA:80,0
DA:86,0
DA:87,0
DA:88,0
DA:89,0
DA:93,0
DA:94,0
DA:95,0
DA:96,0
DA:98,0
DA:103,0
DA:105,0
DA:109,0
DA:118,0
DA:121,0
DA:122,0
DA:123,0
DA:124,0
DA:127,0
DA:128,0
DA:133,0
DA:134,0
DA:135,0
DA:136,0
DA:139,0
DA:140,0
DA:141,0
DA:142,0
DA:145,0
DA:146,0
DA:147,0
DA:150,0
DA:151,0
DA:152,0
DA:153,0
DA:154,0
DA:155,0
DA:156,0
DA:157,0
DA:158,0
DA:159,0
DA:160,0
DA:166,0
DA:167,0
DA:170,0
DA:171,0
DA:180,0
DA:183,0
DA:184,0
DA:185,0
DA:188,0
DA:189,0
DA:193,0
DA:194,0
DA:195,0
DA:198,0
DA:199,0
DA:200,0
DA:203,1
LF:79
LH:4
BRDA:79,0,0,0
BRDA:79,0,1,0
BRDA:97,1,0,0
BRDA:97,1,1,0
BRDA:140,2,0,0
BRDA:140,2,1,0
BRDA:141,3,0,0
BRDA:141,3,1,0
BRDA:159,4,0,0
BRDA:159,4,1,0
BRDA:56,5,0,0
BRDA:56,5,1,0
BRF:12
BRH:0
end_of_record
TN:
SF:D:\Learnings and MEAN\MEAN-angular2\mean-project-manager-app\src\app\components\add-user\add-user.component.ts
FN:21,AddUserComponent
FN:27,(anonymous_2)
FN:30,(anonymous_3)
FN:35,(anonymous_4)
FN:36,(anonymous_5)
FN:63,(anonymous_6)
FN:69,(anonymous_7)
FN:79,(anonymous_8)
FN:80,(anonymous_9)
FN:86,(anonymous_10)
FN:91,(anonymous_11)
FN:92,(anonymous_12)
FN:97,(anonymous_13)
FN:23,(anonymous_14)
FN:42,(anonymous_15)
FN:50,(anonymous_16)
FN:57,(anonymous_17)
FN:102,(anonymous_18)
FNF:18
FNH:18
FNDA:9,AddUserComponent
FNDA:2,(anonymous_2)
FNDA:2,(anonymous_3)
FNDA:13,(anonymous_4)
FNDA:4,(anonymous_5)
FNDA:1,(anonymous_6)
FNDA:1,(anonymous_7)
FNDA:1,(anonymous_8)
FNDA:1,(anonymous_9)
FNDA:1,(anonymous_10)
FNDA:1,(anonymous_11)
FNDA:1,(anonymous_12)
FNDA:1,(anonymous_13)
FNDA:9,(anonymous_14)
FNDA:1,(anonymous_15)
FNDA:1,(anonymous_16)
FNDA:1,(anonymous_17)
FNDA:9,(anonymous_18)
DA:10,1
DA:11,9
DA:21,9
DA:23,1
DA:24,9
DA:27,9
DA:28,2
DA:30,9
DA:31,2
DA:32,2
DA:35,13
DA:36,13
DA:37,4
DA:38,4
DA:42,1
DA:43,1
DA:48,1
DA:51,1
DA:52,1
DA:53,1
DA:54,1
DA:57,1
DA:58,1
DA:63,9
DA:65,1
DA:69,9
DA:70,1
DA:73,1
DA:74,1
DA:75,1
DA:76,1
DA:79,9
DA:80,1
DA:81,1
DA:82,1
DA:83,1
DA:84,1
DA:86,1
DA:87,1
DA:91,9
DA:92,1
DA:93,1
DA:94,1
DA:95,1
DA:97,1
DA:98,1
DA:102,1
DA:103,9
DA:107,1
LF:49
LH:49
BRF:0
BRH:0
end_of_record
TN:
SF:D:\Learnings and MEAN\MEAN-angular2\mean-project-manager-app\src\app\components\header\header.component.ts
FN:10,HeaderComponent
FN:12,(anonymous_2)
FN:15,(anonymous_3)
FN:17,(anonymous_4)
FNF:4
FNH:4
FNDA:5,HeaderComponent
FNDA:3,(anonymous_2)
FNDA:1,(anonymous_3)
FNDA:4,(anonymous_4)
DA:8,1
DA:12,1
DA:15,1
DA:16,1
DA:17,1
DA:18,4
DA:20,1
DA:23,1
LF:8
LH:8
BRF:0
BRH:0
end_of_record
TN:
SF:D:\Learnings and MEAN\MEAN-angular2\mean-project-manager-app\src\app\components\view-task\view-task.component.ts
FN:17,ViewTaskComponent
FN:24,(anonymous_2)
FN:25,(anonymous_3)
FN:30,(anonymous_4)
FN:31,(anonymous_5)
FN:37,(anonymous_6)
FN:38,(anonymous_7)
FN:42,(anonymous_8)
FN:43,(anonymous_9)
FN:49,(anonymous_10)
FN:56,(anonymous_11)
FN:61,(anonymous_12)
FN:65,(anonymous_13)
FN:71,(anonymous_14)
FN:19,(anonymous_15)
FNF:15
FNH:0
FNDA:0,ViewTaskComponent
FNDA:0,(anonymous_2)
FNDA:0,(anonymous_3)
FNDA:0,(anonymous_4)
FNDA:0,(anonymous_5)
FNDA:0,(anonymous_6)
FNDA:0,(anonymous_7)
FNDA:0,(anonymous_8)
FNDA:0,(anonymous_9)
FNDA:0,(anonymous_10)
FNDA:0,(anonymous_11)
FNDA:0,(anonymous_12)
FNDA:0,(anonymous_13)
FNDA:0,(anonymous_14)
FNDA:0,(anonymous_15)
DA:11,1
DA:13,0
DA:17,0
DA:19,1
DA:20,0
DA:21,0
DA:24,0
DA:25,0
DA:26,0
DA:27,0
DA:30,0
DA:31,0
DA:32,0
DA:33,0
DA:37,0
DA:38,0
DA:39,0
DA:42,0
DA:43,0
DA:44,0
DA:45,0
DA:49,0
DA:50,0
DA:51,0
DA:52,0
DA:53,0
DA:56,0
DA:61,0
DA:65,0
DA:66,0
DA:67,0
DA:68,0
DA:71,0
DA:73,0
DA:77,1
LF:35
LH:3
BRF:0
BRH:0
end_of_record
TN:
SF:D:\Learnings and MEAN\MEAN-angular2\mean-project-manager-app\src\app\pipes\filter.pipe.ts
FN:5,FilterPipe
FN:6,(anonymous_2)
FN:11,(anonymous_3)
FNF:3
FNH:3
FNDA:14,FilterPipe
FNDA:18,(anonymous_2)
FNDA:18,(anonymous_3)
DA:5,1
DA:6,1
DA:7,18
DA:8,18
DA:9,8
DA:10,2
DA:11,2
DA:12,18
DA:15,1
LF:9
LH:9
BRDA:8,0,0,10
BRDA:8,0,1,8
BRDA:9,1,0,6
BRDA:9,1,1,2
BRF:4
BRH:4
end_of_record
TN:
SF:D:\Learnings and MEAN\MEAN-angular2\mean-project-manager-app\src\app\services\backend-api.service.ts
FN:10,BackendApiService
FN:12,(anonymous_2)
FN:15,(anonymous_3)
FN:19,(anonymous_4)
FN:21,(anonymous_5)
FN:26,(anonymous_6)
FN:28,(anonymous_7)
FN:34,(anonymous_8)
FN:36,(anonymous_9)
FN:42,(anonymous_10)
FN:44,(anonymous_11)
FN:50,(anonymous_12)
FN:52,(anonymous_13)
FN:58,(anonymous_14)
FN:60,(anonymous_15)
FN:66,(anonymous_16)
FN:68,(anonymous_17)
FN:74,(anonymous_18)
FN:76,(anonymous_19)
FN:81,(anonymous_20)
FN:83,(anonymous_21)
FN:88,(anonymous_22)
FN:90,(anonymous_23)
FN:95,(anonymous_24)
FN:97,(anonymous_25)
FN:103,(anonymous_26)
FN:105,(anonymous_27)
FNF:27
FNH:27
FNDA:23,BackendApiService
FNDA:1,(anonymous_2)
FNDA:1,(anonymous_3)
FNDA:1,(anonymous_4)
FNDA:1,(anonymous_5)
FNDA:10,(anonymous_6)
FNDA:1,(anonymous_7)
FNDA:1,(anonymous_8)
FNDA:1,(anonymous_9)
FNDA:1,(anonymous_10)
FNDA:1,(anonymous_11)
FNDA:1,(anonymous_12)
FNDA:1,(anonymous_13)
FNDA:1,(anonymous_14)
FNDA:1,(anonymous_15)
FNDA:1,(anonymous_16)
FNDA:1,(anonymous_17)
FNDA:1,(anonymous_18)
FNDA:1,(anonymous_19)
FNDA:1,(anonymous_20)
FNDA:1,(anonymous_21)
FNDA:1,(anonymous_22)
FNDA:1,(anonymous_23)
FNDA:1,(anonymous_24)
FNDA:1,(anonymous_25)
FNDA:1,(anonymous_26)
FNDA:1,(anonymous_27)
DA:8,1
DA:10,23
DA:12,1
DA:13,1
DA:15,1
DA:16,1
DA:19,1
DA:20,1
DA:22,1
DA:26,1
DA:27,10
DA:29,1
DA:34,1
DA:35,1
DA:37,1
DA:42,1
DA:43,1
DA:45,1
DA:50,1
DA:51,1
DA:53,1
DA:58,1
DA:59,1
DA:61,1
DA:66,1
DA:67,1
DA:69,1
DA:74,1
DA:75,1
DA:77,1
DA:81,1
DA:82,1
DA:84,1
DA:88,1
DA:89,1
DA:91,1
DA:95,1
DA:96,1
DA:98,1
DA:103,1
DA:104,1
DA:106,1
DA:110,1
LF:43
LH:43
BRF:0
BRH:0
end_of_record
